<?xml version="1.0" encoding="UTF-8" ?>
<testsuite tests="8" failures="0" name="calculator.CalculatorTest" time="0.402" errors="0" skipped="0">
  <properties>
[...]
</properties>
  <testcase classname="calculator.CalculatorTest" name="testNegsqeroot" time="0.401"/>
  <testcase classname="calculator.CalculatorTest" name="testLogezero" time="0"/>
  <testcase classname="calculator.CalculatorTest" name="testFact" time="0"/>
  <testcase classname="calculator.CalculatorTest" name="testLoge" time="0"/>
  <testcase classname="calculator.CalculatorTest" name="testPowe" time="0"/>
  <testcase classname="calculator.CalculatorTest" name="testLogeneg" time="0.001"/>
  <testcase classname="calculator.CalculatorTest" name="testPowezero" time="0"/>
  <testcase classname="calculator.CalculatorTest" name="testSqeroot" time="0"/>
</testsuite>