<?xml version="1.0" encoding="UTF-8" ?>
<testsuite tests="14" failures="0" name="calculator.CalculatorTest" time="7.582" errors="0" skipped="0">
  <properties>
[...]
</properties>
  <testcase classname="calculator.CalculatorTest" name="testNegsqeroot" time="7.575"/>
  <testcase classname="calculator.CalculatorTest" name="testLogezero" time="0"/>
  <testcase classname="calculator.CalculatorTest" name="testFact" time="0.001"/>
  <testcase classname="calculator.CalculatorTest" name="testLoge" time="0"/>
  <testcase classname="calculator.CalculatorTest" name="testPowe" time="0"/>
  <testcase classname="calculator.CalculatorTest" name="testfact12356578" time="0.001"/>
  <testcase classname="calculator.CalculatorTest" name="testLogeneg" time="0"/>
  <testcase classname="calculator.CalculatorTest" name="testNgtfact" time="0.002"/>
  <testcase classname="calculator.CalculatorTest" name="testfact123578" time="0"/>
  <testcase classname="calculator.CalculatorTest" name="testPowezero" time="0.001"/>
  <testcase classname="calculator.CalculatorTest" name="testfact12348" time="0"/>
  <testcase classname="calculator.CalculatorTest" name="testSqeroot" time="0.001"/>
  <testcase classname="calculator.CalculatorTest" name="testfactnormalflow" time="0"/>
  <testcase classname="calculator.CalculatorTest" name="testfact1235656578" time="0.001"/>
</testsuite>